<testsuite name="Mocha Tests" tests="9" failures="0" errors="0" skipped="0" timestamp="Wed, 09 Nov 2016 05:04:07 GMT" time="0.081">
<testcase classname="Validate Articles Endpoint::" name="should return atleast three articles" time="0.038"/>
<testcase classname="Validate Articles Endpoint::" name="should return the posted article" time="0.022"/>
<testcase classname="Validate Articles Endpoint::" name="should return the articles with specific id" time="0.003"/>
<testcase classname="Validate Articles Endpoint::" name="should return the articles with multiple id" time="0.002"/>
<testcase classname="Validate Articles Endpoint::" name="should return no articles with invalid id" time="0.001"/>
<testcase classname="Validate Healdine Endpoint::" name="should return healdine for default user" time="0.002"/>
<testcase classname="Validate Healdine Endpoint::" name="should return healdien for Requested Users" time="0.003"/>
<testcase classname="Validate Healdine Endpoint::" name="should Update the Headline and return the new Headline" time="0.003"/>
<testcase classname="Validate Healdine Endpoint::" name="should return the New Headline for the default user afer the POST request" time="0.002"/>
</testsuite>
