
> starter@1.0.0 e2e:base C:\Users\Prakhar\Downloads\domaingraph\mocking (2)\mocking
> mocha --opts e2e/mocha.opts e2e/*.spec.js "--reporter" "xunit"

<testsuite name="Mocha Tests" tests="2" failures="1" errors="1" skipped="-1" timestamp="Thu, 06 Oct 2016 21:14:25 GMT" time="9.544">
<testcase classname="Test Dummy Server Example Page" name="should log in as the test user" time="0.54"/>
<testcase classname="Test Dummy Server Example Page" name="Update the headline and verify the change" time="0"/>
<testcase classname="Test Dummy Server Example Page" name="&quot;after all&quot; hook: should log out" time="0"><failure>unknown error: cannot focus element
  (Session info: chrome=53.0.2785.143)
  (Driver info: chromedriver=2.22.397933 (1cab651507b88dec79b2b2a22d1943c01833cc1b),platform=Windows NT 10.0.14393 x86_64)
WebDriverError: unknown error: cannot focus element
  (Session info: chrome=53.0.2785.143)
  (Driver info: chromedriver=2.22.397933 (1cab651507b88dec79b2b2a22d1943c01833cc1b),platform=Windows NT 10.0.14393 x86_64)
    at WebDriverError (C:\Users\Prakhar\Downloads\domaingraph\mocking (2)\mocking\node_modules\selenium-webdriver\lib\error.js:27:5)
    at Object.checkLegacyResponse (C:\Users\Prakhar\Downloads\domaingraph\mocking (2)\mocking\node_modules\selenium-webdriver\lib\error.js:639:15)
    at parseHttpResponse (C:\Users\Prakhar\Downloads\domaingraph\mocking (2)\mocking\node_modules\selenium-webdriver\http\index.js:538:13)
    at client_.send.then.response (C:\Users\Prakhar\Downloads\domaingraph\mocking (2)\mocking\node_modules\selenium-webdriver\http\index.js:472:11)
    at ManagedPromise.invokeCallback_ (C:\Users\Prakhar\Downloads\domaingraph\mocking (2)\mocking\node_modules\selenium-webdriver\lib\promise.js:1379:14)
    at TaskQueue.execute_ (C:\Users\Prakhar\Downloads\domaingraph\mocking (2)\mocking\node_modules\selenium-webdriver\lib\promise.js:2913:14)
    at TaskQueue.executeNext_ (C:\Users\Prakhar\Downloads\domaingraph\mocking (2)\mocking\node_modules\selenium-webdriver\lib\promise.js:2896:21)
    at asyncRun (C:\Users\Prakhar\Downloads\domaingraph\mocking (2)\mocking\node_modules\selenium-webdriver\lib\promise.js:2820:25)
    at C:\Users\Prakhar\Downloads\domaingraph\mocking (2)\mocking\node_modules\selenium-webdriver\lib\promise.js:639:7
    at process._tickCallback (internal/process/next_tick.js:103:7)
From: Task: WebElement.sendKeys()
    at Driver.schedule (C:\Users\Prakhar\Downloads\domaingraph\mocking (2)\mocking\node_modules\selenium-webdriver\lib\webdriver.js:377:17)
    at WebElementPromise.schedule_ (C:\Users\Prakhar\Downloads\domaingraph\mocking (2)\mocking\node_modules\selenium-webdriver\lib\webdriver.js:1744:25)
    at WebElementPromise.sendKeys (C:\Users\Prakhar\Downloads\domaingraph\mocking (2)\mocking\node_modules\selenium-webdriver\lib\webdriver.js:1924:19)
    at Object.exports.logout (C:/Users/Prakhar/Downloads/domaingraph/mocking (2)/mocking/e2e/common.js:22:29)
    at Context.&lt;anonymous&gt; (C:/Users/Prakhar/Downloads/domaingraph/mocking (2)/mocking/e2e/login.spec.js:33:16)
    at callFnAsync (C:\Users\Prakhar\Downloads\domaingraph\mocking (2)\mocking\node_modules\mocha\lib\runnable.js:349:8)
    at Hook.Runnable.run (C:\Users\Prakhar\Downloads\domaingraph\mocking (2)\mocking\node_modules\mocha\lib\runnable.js:301:7)
    at next (C:\Users\Prakhar\Downloads\domaingraph\mocking (2)\mocking\node_modules\mocha\lib\runner.js:298:10)
    at Immediate.&lt;anonymous&gt; (C:\Users\Prakhar\Downloads\domaingraph\mocking (2)\mocking\node_modules\mocha\lib\runner.js:320:5)</failure></testcase>
</testsuite>
