Here
<testsuite name="Mocha Tests" tests="2" failures="1" errors="1" skipped="0" timestamp="Wed, 09 Nov 2016 12:00:00 GMT" time="13.86">
<testcase classname="Test FrontEnd Page" name="should log in as the test user" time="0.563"/>
<testcase classname="Test FrontEnd Page" name="Update the headline and verify the change" time="0"><failure>invalid element state: Element is not currently interactable and may not be manipulated
  (Session info: chrome=54.0.2840.90)
  (Driver info: chromedriver=2.25.426924 (649f9b868f6783ec9de71c123212b908bf3b232e),platform=Linux 4.4.0-45-generic x86_64)
InvalidElementStateError: invalid element state: Element is not currently interactable and may not be manipulated
  (Session info: chrome=54.0.2840.90)
  (Driver info: chromedriver=2.25.426924 (649f9b868f6783ec9de71c123212b908bf3b232e),platform=Linux 4.4.0-45-generic x86_64)
    at Object.checkLegacyResponse (node_modules/selenium-webdriver/lib/error.js:639:15)
    at parseHttpResponse (node_modules/selenium-webdriver/http/index.js:538:13)
    at client_.send.then.response (node_modules/selenium-webdriver/http/index.js:472:11)
    at ManagedPromise.invokeCallback_ (node_modules/selenium-webdriver/lib/promise.js:1379:14)
    at TaskQueue.execute_ (node_modules/selenium-webdriver/lib/promise.js:2913:14)
    at TaskQueue.executeNext_ (node_modules/selenium-webdriver/lib/promise.js:2896:21)
    at asyncRun (node_modules/selenium-webdriver/lib/promise.js:2820:25)
    at node_modules/selenium-webdriver/lib/promise.js:639:7
    at process._tickCallback (internal/process/next_tick.js:103:7)
From: Task: WebElement.clear()
    at Driver.schedule (node_modules/selenium-webdriver/lib/webdriver.js:377:17)
    at WebElementPromise.schedule_ (node_modules/selenium-webdriver/lib/webdriver.js:1744:25)
    at WebElementPromise.clear (node_modules/selenium-webdriver/lib/webdriver.js:2099:17)
    at Context.&lt;anonymous&gt; (e2e/login.spec.js:33:28)</failure></testcase>
</testsuite>
